Sun May 24 18:17:47 MSK 2015 Информация : Начало загрузки файла lab51lib.jar...
Sun May 24 18:17:47 MSK 2015 Информация : Загружен класс labs.fifth.var1.Numeric.class
Sun May 24 18:17:47 MSK 2015 Информация : Загружен класс labs.fifth.var1.One.class
Sun May 24 18:17:47 MSK 2015 Информация : Загружен класс labs.fifth.var1.OneOne.class
Sun May 24 18:17:47 MSK 2015 Информация : Загружен класс labs.fifth.var1.Three.class
Sun May 24 18:17:47 MSK 2015 Информация : Загружен класс labs.fifth.var1.Two.class
Sun May 24 18:17:47 MSK 2015 Информация : Загружен класс labs.fifth.var1.TwoOne
Sun May 24 18:17:47 MSK 2015 Информация : Загружен класс labs.fifth.var1.Zero
Sun May 24 18:17:47 MSK 2015 Информация : Файл lab51lib.jar загружен успешно
Sun May 24 18:52:06 MSK 2015 Информация : Начало загрузки файла lab53lib.jar...
Sun May 24 18:52:06 MSK 2015 Ошибка : Файл lab53lib.jar загружен не полностью
Sun May 24 18:53:15 MSK 2015 Информация : Начало загрузки файла lab51lib.jar...
Sun May 24 18:53:15 MSK 2015 Информация : Загружен класс labs.fifth.var1.Numeric.class
Sun May 24 18:53:15 MSK 2015 Информация : Загружен класс labs.fifth.var1.One.class
Sun May 24 18:53:15 MSK 2015 Информация : Загружен класс labs.fifth.var1.OneOne.class
Sun May 24 18:53:15 MSK 2015 Информация : Загружен класс labs.fifth.var1.Three.class
Sun May 24 18:53:15 MSK 2015 Информация : Загружен класс labs.fifth.var1.Two.class
Sun May 24 18:53:15 MSK 2015 Информация : Загружен класс labs.fifth.var1.TwoOne
Sun May 24 18:53:15 MSK 2015 Информация : Загружен класс labs.fifth.var1.Zero
Sun May 24 18:53:15 MSK 2015 Информация : Файл lab51lib.jar загружен успешно
Sun May 24 18:57:27 MSK 2015 Информация : Начало загрузки файла lab51lib.jar...
Sun May 24 18:57:27 MSK 2015 Информация : Загружен класс labs.fifth.var1.Numeric.class
Sun May 24 18:57:27 MSK 2015 Информация : Загружен класс labs.fifth.var1.One.class
Sun May 24 18:57:27 MSK 2015 Информация : Загружен класс labs.fifth.var1.OneOne.class
Sun May 24 18:57:27 MSK 2015 Информация : Загружен класс labs.fifth.var1.Three.class
Sun May 24 18:57:27 MSK 2015 Информация : Загружен класс labs.fifth.var1.Two.class
Sun May 24 18:57:27 MSK 2015 Информация : Загружен класс labs.fifth.var1.TwoOne
Sun May 24 18:57:27 MSK 2015 Информация : Загружен класс labs.fifth.var1.Zero
Sun May 24 18:57:27 MSK 2015 Информация : Файл lab51lib.jar загружен успешно
Sun May 24 18:58:29 MSK 2015 Информация : Начало загрузки файла lab51li.jar...
Sun May 24 18:58:29 MSK 2015 Ошибка : Файл lab51li.jar загружен не полностью
Sun May 24 18:58:51 MSK 2015 Информация : Начало загрузки файла lab51lib.jar...
Sun May 24 18:58:51 MSK 2015 Информация : Загружен класс labs.fifth.var1.Numeric.class
Sun May 24 18:58:51 MSK 2015 Информация : Загружен класс labs.fifth.var1.One.class
Sun May 24 18:58:51 MSK 2015 Информация : Загружен класс labs.fifth.var1.OneOne.class
Sun May 24 18:58:51 MSK 2015 Информация : Загружен класс labs.fifth.var1.Three.class
Sun May 24 18:58:51 MSK 2015 Информация : Загружен класс labs.fifth.var1.Two.class
Sun May 24 18:58:51 MSK 2015 Информация : Загружен класс labs.fifth.var1.TwoOne
Sun May 24 18:58:51 MSK 2015 Информация : Загружен класс labs.fifth.var1.Zero
Sun May 24 18:58:51 MSK 2015 Информация : Файл lab51lib.jar загружен успешно
Sun May 24 18:59:21 MSK 2015 Информация : Начало загрузки файла lab51lib.jar...
Sun May 24 18:59:21 MSK 2015 Информация : Загружен класс labs.fifth.var1.Numeric.class
Sun May 24 18:59:21 MSK 2015 Информация : Загружен класс labs.fifth.var1.One.class
Sun May 24 18:59:21 MSK 2015 Информация : Загружен класс labs.fifth.var1.OneOne.class
Sun May 24 18:59:21 MSK 2015 Информация : Загружен класс labs.fifth.var1.Three.class
Sun May 24 18:59:21 MSK 2015 Информация : Загружен класс labs.fifth.var1.Two.class
Sun May 24 18:59:21 MSK 2015 Информация : Загружен класс labs.fifth.var1.TwoOne
Sun May 24 18:59:21 MSK 2015 Информация : Загружен класс labs.fifth.var1.Zero
Sun May 24 18:59:21 MSK 2015 Информация : Файл lab51lib.jar загружен успешно
Sun May 24 19:00:10 MSK 2015 Информация : Начало загрузки файла lab51lib.jar...
Sun May 24 19:00:10 MSK 2015 Информация : Загружен класс labs.fifth.var1.Numeric.class
Sun May 24 19:00:10 MSK 2015 Информация : Загружен класс labs.fifth.var1.One.class
Sun May 24 19:00:10 MSK 2015 Информация : Загружен класс labs.fifth.var1.OneOne.class
Sun May 24 19:00:10 MSK 2015 Информация : Загружен класс labs.fifth.var1.Three.class
Sun May 24 19:00:10 MSK 2015 Информация : Загружен класс labs.fifth.var1.Two.class
Sun May 24 19:00:10 MSK 2015 Информация : Загружен класс labs.fifth.var1.TwoOne
Sun May 24 19:00:10 MSK 2015 Информация : Загружен класс labs.fifth.var1.Zero
Sun May 24 19:00:10 MSK 2015 Информация : Файл lab51lib.jar загружен успешно
Sun May 24 19:01:13 MSK 2015 Информация : Начало загрузки файла lab51lib.jar...
Sun May 24 19:01:13 MSK 2015 Информация : Загружен класс labs.fifth.var1.Numeric.class
Sun May 24 19:01:13 MSK 2015 Информация : Загружен класс labs.fifth.var1.One.class
Sun May 24 19:01:13 MSK 2015 Информация : Загружен класс labs.fifth.var1.OneOne.class
Sun May 24 19:01:13 MSK 2015 Информация : Загружен класс labs.fifth.var1.Three.class
Sun May 24 19:01:13 MSK 2015 Информация : Загружен класс labs.fifth.var1.Two.class
Sun May 24 19:01:13 MSK 2015 Информация : Загружен класс labs.fifth.var1.TwoOne
Sun May 24 19:01:13 MSK 2015 Информация : Загружен класс labs.fifth.var1.Zero
Sun May 24 19:01:13 MSK 2015 Информация : Файл lab51lib.jar загружен успешно
